<?xml version="1.0" encoding="utf-8"?><testsuites name="pytest tests"><testsuite name="pytest" errors="0" failures="0" skipped="0" tests="393" time="22.782" timestamp="2025-07-27T22:19:44.737595+00:00" hostname="pkrvmpptgkbjq6m"><testcase classname="tests.test_auth.TestAuthRegistrationAndLogin" name="test_register_success" time="0.096" /><testcase classname="tests.test_auth.TestAuthRegistrationAndLogin" name="test_register_invalid_email" time="0.004" /><testcase classname="tests.test_auth.TestAuthRegistrationAndLogin" name="test_register_short_password" time="0.004" /><testcase classname="tests.test_auth.TestAuthRegistrationAndLogin" name="test_register_service_error" time="0.005" /><testcase classname="tests.test_auth.TestAuthRegistrationAndLogin" name="test_register_service_exception" time="0.005" /><testcase classname="tests.test_auth.TestAuthRegistrationAndLogin" name="test_login_success" time="0.008" /><testcase classname="tests.test_auth.TestAuthRegistrationAndLogin" name="test_login_invalid_credentials" time="0.005" /><testcase classname="tests.test_auth.TestAuthRegistrationAndLogin" name="test_login_invalid_email" time="0.004" /><testcase classname="tests.test_auth.TestAuthRegistrationAndLogin" name="test_login_service_exception" time="0.004" /><testcase classname="tests.test_auth.TestAuthOtherEndpoints" name="test_logout_success" time="0.004" /><testcase classname="tests.test_auth.TestAuthOtherEndpoints" name="test_logout_without_token" time="0.004" /><testcase classname="tests.test_auth.TestAuthOtherEndpoints" name="test_logout_unauthorized" time="0.004" /><testcase classname="tests.test_auth.TestAuthOtherEndpoints" name="test_logout_service_exception" time="0.004" /><testcase classname="tests.test_auth.TestAuthOtherEndpoints" name="test_forgot_password_success" time="0.007" /><testcase classname="tests.test_auth.TestAuthOtherEndpoints" name="test_forgot_password_invalid_email" time="0.004" /><testcase classname="tests.test_auth.TestAuthOtherEndpoints" name="test_forgot_password_service_exception" time="0.005" /><testcase classname="tests.test_auth.TestAuthOtherEndpoints" name="test_reset_password_success" time="0.005" /><testcase classname="tests.test_auth.TestAuthOtherEndpoints" name="test_reset_password_invalid_token" time="0.004" /><testcase classname="tests.test_auth.TestAuthOtherEndpoints" name="test_reset_password_short_password" time="0.004" /><testcase classname="tests.test_auth.TestAuthOtherEndpoints" name="test_reset_password_service_exception" time="0.004" /><testcase classname="tests.test_auth.TestAuthOtherEndpoints" name="test_refresh_token_success" time="0.005" /><testcase classname="tests.test_auth.TestAuthOtherEndpoints" name="test_refresh_token_invalid" time="0.004" /><testcase classname="tests.test_auth.TestAuthOtherEndpoints" name="test_refresh_token_service_exception" time="0.004" /><testcase classname="tests.test_auth.TestAuthOtherEndpoints" name="test_get_current_user_profile_success" time="0.005" /><testcase classname="tests.test_auth.TestAuthOtherEndpoints" name="test_get_current_user_profile_not_found" time="0.004" /><testcase classname="tests.test_auth.TestAuthOtherEndpoints" name="test_get_current_user_profile_unauthorized" time="0.004" /><testcase classname="tests.test_auth.TestAuthOtherEndpoints" name="test_get_current_user_profile_service_exception" time="0.004" /><testcase classname="tests.test_auth.TestAuthOtherEndpoints" name="test_update_current_user_profile_success" time="0.005" /><testcase classname="tests.test_auth.TestAuthOtherEndpoints" name="test_update_current_user_profile_no_valid_fields" time="0.005" /><testcase classname="tests.test_auth.TestAuthOtherEndpoints" name="test_update_current_user_profile_not_found" time="0.005" /><testcase classname="tests.test_auth.TestAuthOtherEndpoints" name="test_update_current_user_profile_unauthorized" time="0.004" /><testcase classname="tests.test_auth.TestAuthOtherEndpoints" name="test_update_current_user_profile_service_exception" time="0.004" /><testcase classname="tests.test_auth.TestAuthOtherEndpoints" name="test_update_current_user_preferences_success" time="0.004" /><testcase classname="tests.test_auth.TestAuthOtherEndpoints" name="test_update_current_user_preferences_no_valid_fields" time="0.004" /><testcase classname="tests.test_auth.TestAuthOtherEndpoints" name="test_update_current_user_preferences_unauthorized" time="0.004" /><testcase classname="tests.test_auth.TestAuthOtherEndpoints" name="test_update_current_user_preferences_service_failure" time="0.004" /><testcase classname="tests.test_auth.TestAuthOtherEndpoints" name="test_update_current_user_preferences_service_exception" time="0.004" /><testcase classname="tests.test_auth_service" name="test_login_success" time="0.004" /><testcase classname="tests.test_auth_service" name="test_login_invalid_credentials" time="0.004" /><testcase classname="tests.test_auth_service" name="test_login_no_session" time="0.003" /><testcase classname="tests.test_auth_service" name="test_login_exception" time="0.003" /><testcase classname="tests.test_auth_service" name="test_logout_success" time="0.003" /><testcase classname="tests.test_auth_service" name="test_logout_with_refresh_token" time="0.002" /><testcase classname="tests.test_auth_service" name="test_logout_exception" time="0.003" /><testcase classname="tests.test_auth_service" name="test_forgot_password_success" time="0.002" /><testcase classname="tests.test_auth_service" name="test_forgot_password_exception_original" time="0.003" /><testcase classname="tests.test_auth_service" name="test_reset_password_success" time="0.002" /><testcase classname="tests.test_auth_service" name="test_reset_password_exception_original" time="0.003" /><testcase classname="tests.test_auth_service" name="test_refresh_token_success" time="0.003" /><testcase classname="tests.test_auth_service" name="test_refresh_token_no_session_original" time="0.003" /><testcase classname="tests.test_auth_service" name="test_register_success" time="0.003" /><testcase classname="tests.test_auth_service" name="test_register_no_session" time="0.003" /><testcase classname="tests.test_auth_service" name="test_get_user_profile_success" time="0.004" /><testcase classname="tests.test_auth_service" name="test_update_user_profile_success" time="0.003" /><testcase classname="tests.test_auth_service" name="test_update_user_profile_sync_success" time="0.003" /><testcase classname="tests.test_auth_service" name="test_update_user_profile_sync_no_user" time="0.003" /><testcase classname="tests.test_auth_service" name="test_update_user_preferences_success" time="0.003" /><testcase classname="tests.test_auth_service" name="test_auth_service_init_client_failure" time="0.002" /><testcase classname="tests.test_auth_service" name="test_login_no_user_profile" time="0.004" /><testcase classname="tests.test_auth_service" name="test_logout_with_refresh_token_exception" time="0.004" /><testcase classname="tests.test_auth_service" name="test_logout_without_refresh_token_exception" time="0.003" /><testcase classname="tests.test_auth_service" name="test_forgot_password_exception" time="0.003" /><testcase classname="tests.test_auth_service" name="test_reset_password_exception" time="0.003" /><testcase classname="tests.test_auth_service" name="test_refresh_token_no_session" time="0.003" /><testcase classname="tests.test_auth_service" name="test_refresh_token_exception" time="0.003" /><testcase classname="tests.test_auth_service" name="test_register_no_user" time="0.004" /><testcase classname="tests.test_auth_service" name="test_register_no_session_after_login" time="0.004" /><testcase classname="tests.test_auth_service" name="test_register_exception" time="0.003" /><testcase classname="tests.test_auth_service" name="test_get_user_profile_no_user" time="0.004" /><testcase classname="tests.test_auth_service" name="test_get_user_profile_exception" time="0.004" /><testcase classname="tests.test_auth_service" name="test_update_user_profile_no_user" time="0.003" /><testcase classname="tests.test_auth_service" name="test_update_user_profile_exception" time="0.003" /><testcase classname="tests.test_auth_service" name="test_update_user_profile_sync_no_auth_user" time="0.003" /><testcase classname="tests.test_auth_service" name="test_update_user_profile_sync_with_style_preferences" time="0.005" /><testcase classname="tests.test_auth_service" name="test_update_user_profile_sync_exception" time="0.003" /><testcase classname="tests.test_auth_service" name="test_update_user_preferences_exception" time="0.004" /><testcase classname="tests.test_auth_service" name="test_auth_service_no_client" time="0.002" /><testcase classname="tests.test_chat.TestChatEndpoints" name="test_chat_endpoint_success" time="0.234" /><testcase classname="tests.test_chat.TestChatEndpoints" name="test_chat_endpoint_no_auth" time="0.005" /><testcase classname="tests.test_chat.TestChatEndpoints" name="test_chat_endpoint_invalid_request" time="0.004" /><testcase classname="tests.test_chat.TestChatEndpoints" name="test_chat_endpoint_orchestrator_error" time="0.089" /><testcase classname="tests.test_chat.TestChatEndpoints" name="test_get_conversation_history_success" time="0.049" /><testcase classname="tests.test_chat.TestChatEndpoints" name="test_get_conversation_history_no_auth" time="0.004" /><testcase classname="tests.test_chat.TestChatEndpoints" name="test_get_conversation_history_error" time="0.005" /><testcase classname="tests.test_chat.TestChatEndpoints" name="test_chat_endpoint_database_error" time="0.005" /><testcase classname="tests.test_chat.TestChatEndpoints" name="test_chat_endpoint_user_profile_error" time="0.030" /><testcase classname="tests.test_chat" name="test_generate_response_success" time="0.025" /><testcase classname="tests.test_chat" name="test_generate_response_error" time="0.025" /><testcase classname="tests.test_chat" name="test_build_system_prompt" time="0.023" /><testcase classname="tests.test_chat" name="test_build_context_prompt" time="0.023" /><testcase classname="tests.test_chat" name="test_process_response" time="0.023" /><testcase classname="tests.test_chat_convs" name="test_get_user_conversations_success" time="0.005" /><testcase classname="tests.test_chat_convs" name="test_get_user_conversations_no_auth" time="0.004" /><testcase classname="tests.test_chat_convs" name="test_get_user_conversations_error" time="0.007" /><testcase classname="tests.test_chat_convs" name="test_delete_conversation_success" time="0.004" /><testcase classname="tests.test_chat_convs" name="test_delete_conversation_no_auth" time="0.004" /><testcase classname="tests.test_chat_convs" name="test_delete_conversation_error" time="0.004" /><testcase classname="tests.test_chat_convs" name="test_archive_conversation_success" time="0.004" /><testcase classname="tests.test_chat_convs" name="test_archive_conversation_no_auth" time="0.004" /><testcase classname="tests.test_chat_convs" name="test_archive_conversation_error" time="0.004" /><testcase classname="tests.test_chat_feedback" name="test_save_feedback_success" time="0.004" /><testcase classname="tests.test_chat_feedback" name="test_save_feedback_no_auth" time="0.004" /><testcase classname="tests.test_chat_feedback" name="test_save_feedback_error" time="0.005" /><testcase classname="tests.test_chat_feedback" name="test_save_feedback_invalid" time="0.004" /><testcase classname="tests.test_chat_sessions" name="test_create_session_success" time="0.004" /><testcase classname="tests.test_chat_sessions" name="test_create_session_no_auth" time="0.005" /><testcase classname="tests.test_chat_sessions" name="test_create_session_error" time="0.005" /><testcase classname="tests.test_chat_sessions" name="test_create_session_invalid" time="0.004" /><testcase classname="tests.test_currency_api.TestConvertCurrency" name="test_convert_currency_success_with_amount" time="0.002" /><testcase classname="tests.test_currency_api.TestConvertCurrency" name="test_convert_currency_success_without_amount" time="0.002" /><testcase classname="tests.test_currency_api.TestConvertCurrency" name="test_convert_currency_error_response" time="0.002" /><testcase classname="tests.test_currency_api.TestConvertCurrency" name="test_convert_currency_missing_message" time="0.002" /><testcase classname="tests.test_currency_api.TestConvertCurrency" name="test_convert_currency_empty_message" time="0.002" /><testcase classname="tests.test_currency_api.TestConvertCurrency" name="test_convert_currency_service_exception" time="0.002" /><testcase classname="tests.test_currency_api.TestGetSupportedCurrencies" name="test_get_supported_currencies_success" time="0.002" /><testcase classname="tests.test_currency_api.TestGetSupportedCurrencies" name="test_get_supported_currencies_service_exception" time="0.002" /><testcase classname="tests.test_currency_api.TestValidateCurrencyCode" name="test_validate_currency_code_valid" time="0.002" /><testcase classname="tests.test_currency_api.TestValidateCurrencyCode" name="test_validate_currency_code_invalid" time="0.002" /><testcase classname="tests.test_currency_api.TestValidateCurrencyCode" name="test_validate_currency_code_lowercase" time="0.002" /><testcase classname="tests.test_currency_api.TestValidateCurrencyCode" name="test_validate_currency_code_missing" time="0.002" /><testcase classname="tests.test_currency_api.TestValidateCurrencyCode" name="test_validate_currency_code_empty" time="0.002" /><testcase classname="tests.test_currency_api.TestValidateCurrencyCode" name="test_validate_currency_code_service_exception" time="0.002" /><testcase classname="tests.test_currency_api.TestParseCurrencyMessage" name="test_parse_currency_message_success" time="0.002" /><testcase classname="tests.test_currency_api.TestParseCurrencyMessage" name="test_parse_currency_message_invalid_currencies" time="0.002" /><testcase classname="tests.test_currency_api.TestParseCurrencyMessage" name="test_parse_currency_message_missing_currencies" time="0.002" /><testcase classname="tests.test_currency_api.TestParseCurrencyMessage" name="test_parse_currency_message_missing_message" time="0.002" /><testcase classname="tests.test_currency_api.TestParseCurrencyMessage" name="test_parse_currency_message_empty_message" time="0.002" /><testcase classname="tests.test_currency_api.TestParseCurrencyMessage" name="test_parse_currency_message_service_exception" time="0.002" /><testcase classname="tests.test_currency_api.TestCurrencyAPIIntegration" name="test_convert_currency_integration_with_real_service" time="0.002" /><testcase classname="tests.test_currency_api.TestCurrencyAPIIntegration" name="test_validate_currency_code_integration" time="0.002" /><testcase classname="tests.test_currency_api.TestCurrencyAPIIntegration" name="test_get_supported_currencies_integration" time="0.002" /><testcase classname="tests.test_currency_api.TestCurrencyAPIErrorHandling" name="test_convert_currency_network_error" time="0.002" /><testcase classname="tests.test_currency_api.TestCurrencyAPIErrorHandling" name="test_convert_currency_timeout_error" time="0.002" /><testcase classname="tests.test_currency_api.TestCurrencyAPIErrorHandling" name="test_validate_currency_code_with_special_characters" time="0.002" /><testcase classname="tests.test_currency_api.TestCurrencyAPIErrorHandling" name="test_parse_currency_message_with_complex_input" time="0.002" /><testcase classname="tests.test_currency_conversion_service" name="test_is_currency_request_true" time="0.001" /><testcase classname="tests.test_currency_conversion_service" name="test_is_currency_request_false" time="0.001" /><testcase classname="tests.test_currency_conversion_service" name="test_validate_currency_code" time="0.001" /><testcase classname="tests.test_currency_conversion_service" name="test_format_currency_response" time="0.001" /><testcase classname="tests.test_currency_conversion_service" name="test_get_supported_currencies" time="0.001" /><testcase classname="tests.test_currency_conversion_service" name="test_parse_currency_request_invalid_json" time="0.003" /><testcase classname="tests.test_currency_conversion_service" name="test_handle_currency_request_missing_currencies" time="0.003" /><testcase classname="tests.test_currency_conversion_service" name="test_parse_currency_request_valid_json" time="0.002" /><testcase classname="tests.test_currency_conversion_service" name="test_parse_currency_request_json_decode_error" time="0.003" /><testcase classname="tests.test_currency_conversion_service" name="test_parse_currency_request_openai_exception" time="0.002" /><testcase classname="tests.test_currency_conversion_service" name="test_handle_currency_request_unsupported_from_currency" time="0.003" /><testcase classname="tests.test_currency_conversion_service" name="test_handle_currency_request_unsupported_to_currency" time="0.003" /><testcase classname="tests.test_currency_conversion_service" name="test_handle_currency_request_no_exchange_rate" time="0.005" /><testcase classname="tests.test_currency_conversion_service" name="test_handle_currency_request_with_amount" time="0.003" /><testcase classname="tests.test_currency_conversion_service" name="test_handle_currency_request_without_amount" time="0.003" /><testcase classname="tests.test_currency_conversion_service" name="test_handle_currency_request_exception" time="0.002" /><testcase classname="tests.test_currency_conversion_service" name="test_parse_currency_request_with_whitespace" time="0.002" /><testcase classname="tests.test_currency_conversion_service" name="test_parse_currency_request_with_missing_amount" time="0.003" /><testcase classname="tests.test_currency_conversion_service" name="test_parse_currency_request_with_formatted_json" time="0.002" /><testcase classname="tests.test_currency_conversion_service" name="test_parse_currency_request_with_extra_text" time="0.003" /><testcase classname="tests.test_currency_conversion_service" name="test_parse_currency_request_with_amount_zero" time="0.002" /><testcase classname="tests.test_currency_conversion_service" name="test_parse_currency_request_with_negative_amount" time="0.002" /><testcase classname="tests.test_currency_service" name="test_get_exchange_rates_json_parse_error" time="0.026" /><testcase classname="tests.test_currency_service" name="test_get_exchange_rates_json_parse_exception" time="0.025" /><testcase classname="tests.test_currency_service" name="test_get_exchange_rates_non_dict_response" time="0.025" /><testcase classname="tests.test_currency_service" name="test_get_exchange_rates_http_status_error" time="0.024" /><testcase classname="tests.test_currency_service" name="test_get_exchange_rates_timeout_error" time="0.024" /><testcase classname="tests.test_currency_service" name="test_get_exchange_rates_value_error" time="0.027" /><testcase classname="tests.test_currency_service" name="test_get_exchange_rates_currency_normalization" time="0.026" /><testcase classname="tests.test_currency_service" name="test_get_pair_exchange_rate_json_parse_error" time="0.025" /><testcase classname="tests.test_currency_service" name="test_get_pair_exchange_rate_json_parse_exception" time="0.024" /><testcase classname="tests.test_currency_service" name="test_get_pair_exchange_rate_non_success_result" time="0.025" /><testcase classname="tests.test_currency_service" name="test_get_pair_exchange_rate_non_dict_response" time="0.026" /><testcase classname="tests.test_currency_service" name="test_get_pair_exchange_rate_currency_normalization" time="0.025" /><testcase classname="tests.test_currency_service" name="test_get_pair_exchange_rate_http_error" time="0.024" /><testcase classname="tests.test_currency_service" name="test_get_pair_exchange_rate_request_error" time="0.024" /><testcase classname="tests.test_currency_service" name="test_get_pair_exchange_rate_generic_exception" time="0.024" /><testcase classname="tests.test_currency_service" name="test_convert_currency_with_get_pair_exchange_rate_failure" time="0.002" /><testcase classname="tests.test_currency_service" name="test_convert_currency_amount_rounding" time="0.002" /><testcase classname="tests.test_currency_service" name="test_convert_currency_zero_amount" time="0.002" /><testcase classname="tests.test_currency_service" name="test_convert_currency_negative_amount" time="0.002" /><testcase classname="tests.test_currency_service" name="test_currency_service_initialization" time="0.001" /><testcase classname="tests.test_database_helpers_comprehensive.TestDatabaseHelpersComprehensive" name="test_get_conversation_history_with_conversation_id" time="0.007" /><testcase classname="tests.test_database_helpers_comprehensive.TestDatabaseHelpersComprehensive" name="test_get_conversation_history_without_conversation_id" time="0.004" /><testcase classname="tests.test_database_helpers_comprehensive.TestDatabaseHelpersComprehensive" name="test_get_conversation_history_error_handling" time="0.002" /><testcase classname="tests.test_database_helpers_comprehensive.TestDatabaseHelpersComprehensive" name="test_get_user_profile_with_preferences_and_destinations" time="0.003" /><testcase classname="tests.test_database_helpers_comprehensive.TestDatabaseHelpersComprehensive" name="test_save_conversation_message_with_existing_conversation" time="0.005" /><testcase classname="tests.test_database_helpers_comprehensive.TestDatabaseHelpersComprehensive" name="test_save_conversation_message_error_handling" time="0.002" /><testcase classname="tests.test_database_helpers_comprehensive.TestDatabaseHelpersComprehensive" name="test_update_user_preferences_update_existing" time="0.004" /><testcase classname="tests.test_database_helpers_comprehensive.TestDatabaseHelpersComprehensive" name="test_save_recommendation_feedback_success" time="0.003" /><testcase classname="tests.test_database_helpers_comprehensive.TestDatabaseHelpersComprehensive" name="test_save_recommendation_feedback_error" time="0.002" /><testcase classname="tests.test_database_helpers_comprehensive.TestDatabaseHelpersComprehensive" name="test_save_destination_new_destination" time="0.004" /><testcase classname="tests.test_database_helpers_comprehensive.TestDatabaseHelpersComprehensive" name="test_save_destination_existing_destination" time="0.005" /><testcase classname="tests.test_database_helpers_comprehensive.TestDatabaseHelpersComprehensive" name="test_save_destination_error" time="0.002" /><testcase classname="tests.test_database_helpers_comprehensive.TestDatabaseHelpersComprehensive" name="test_get_user_conversations_success" time="0.004" /><testcase classname="tests.test_database_helpers_comprehensive.TestDatabaseHelpersComprehensive" name="test_get_user_conversations_error" time="0.005" /><testcase classname="tests.test_database_helpers_comprehensive.TestDatabaseHelpersComprehensive" name="test_archive_conversation_success" time="0.004" /><testcase classname="tests.test_database_helpers_comprehensive.TestDatabaseHelpersComprehensive" name="test_archive_conversation_error" time="0.002" /><testcase classname="tests.test_database_helpers_comprehensive.TestDatabaseHelpersComprehensive" name="test_delete_conversation_success" time="0.004" /><testcase classname="tests.test_database_helpers_comprehensive.TestDatabaseHelpersComprehensive" name="test_delete_conversation_error" time="0.002" /><testcase classname="tests.test_database_helpers_comprehensive.TestDatabaseHelpersComprehensive" name="test_create_chat_session_success" time="0.003" /><testcase classname="tests.test_database_helpers_comprehensive.TestDatabaseHelpersComprehensive" name="test_create_chat_session_error" time="0.002" /><testcase classname="tests.test_database_helpers_comprehensive.TestDatabaseHelpersComprehensive" name="test_create_chat_session_empty_response" time="0.003" /><testcase classname="tests.test_database_helpers_comprehensive.TestDatabaseHelpersComprehensive" name="test_db_helpers_singleton_coverage" time="0.004" /><testcase classname="tests.test_database_helpers_comprehensive.TestDatabaseHelpersComprehensive" name="test_save_user_profile_success" time="0.004" /><testcase classname="tests.test_database_helpers_comprehensive.TestDatabaseHelpersComprehensive" name="test_save_user_profile_no_data_returned" time="0.004" /><testcase classname="tests.test_database_helpers_comprehensive.TestDatabaseHelpersComprehensive" name="test_save_user_profile_exception" time="0.002" /><testcase classname="tests.test_database_helpers_simple.TestDatabaseHelpersSimple" name="test_database_helpers_class_basic" time="0.003" /><testcase classname="tests.test_database_helpers_simple.TestDatabaseHelpersSimple" name="test_update_user_preferences_simple" time="0.005" /><testcase classname="tests.test_database_helpers_simple.TestDatabaseHelpersSimple" name="test_save_conversation_message_simple" time="0.004" /><testcase classname="tests.test_database_helpers_simple.TestDatabaseHelpersSimple" name="test_error_handling_simple" time="0.003" /><testcase classname="tests.test_database_helpers_simple.TestDatabaseHelpersSimple" name="test_standalone_functions_bypass_autouse" time="0.003" /><testcase classname="tests.test_database_helpers_simple.TestDatabaseHelpersSimple" name="test_imports_and_singleton" time="0.001" /><testcase classname="tests.test_database_helpers_simple.TestDatabaseHelpersEdgeCases" name="test_get_user_profile_edge_cases" time="0.004" /><testcase classname="tests.test_database_helpers_simple.TestDatabaseHelpersEdgeCases" name="test_save_conversation_message_edge_cases" time="0.004" /><testcase classname="tests.test_database_helpers_simple.TestDatabaseHelpersEdgeCases" name="test_create_chat_session_edge_cases" time="0.004" /><testcase classname="tests.test_deps" name="test_get_current_user_valid_token" time="0.004" /><testcase classname="tests.test_deps" name="test_get_current_user_invalid_token" time="0.004" /><testcase classname="tests.test_deps" name="test_get_current_user_exception" time="0.004" /><testcase classname="tests.test_deps" name="test_get_current_user_missing_credentials" time="0.004" /><testcase classname="tests.test_deps" name="test_get_current_active_user_active" time="0.002" /><testcase classname="tests.test_deps" name="test_get_current_active_user_inactive" time="0.002" /><testcase classname="tests.test_deps" name="test_get_current_active_user_missing_is_active" time="0.002" /><testcase classname="tests.test_deps" name="test_get_current_active_user_none_is_active" time="0.002" /><testcase classname="tests.test_deps" name="test_get_current_user_empty_credentials" time="0.004" /><testcase classname="tests.test_deps" name="test_get_current_user_none_credentials" time="0.004" /><testcase classname="tests.test_main" name="test_root" time="0.004" /><testcase classname="tests.test_main" name="test_health" time="0.004" /><testcase classname="tests.test_main" name="test_docs" time="0.004" /><testcase classname="tests.test_main" name="test_openapi" time="0.066" /><testcase classname="tests.test_main" name="test_redoc" time="0.004" /><testcase classname="tests.test_main" name="test_lifespan_startup_and_shutdown" time="0.002" /><testcase classname="tests.test_main" name="test_main_block_exists" time="0.001" /><testcase classname="tests.test_orchestrator" name="test_generate_travel_recommendations_success" time="0.004" /><testcase classname="tests.test_orchestrator" name="test_generate_travel_recommendations_error" time="0.003" /><testcase classname="tests.test_orchestrator" name="test_parse_trip_context" time="0.001" /><testcase classname="tests.test_orchestrator" name="test_enhance_response" time="0.001" /><testcase classname="tests.test_orchestrator" name="test_generate_travel_recommendations_orchestration_error" time="0.002" /><testcase classname="tests.test_orchestrator" name="test_safe_api_call_exception" time="0.002" /><testcase classname="tests.test_orchestrator" name="test_parse_trip_context_destination_extraction" time="0.002" /><testcase classname="tests.test_orchestrator" name="test_parse_trip_context_destination_extraction_visiting" time="0.002" /><testcase classname="tests.test_orchestrator" name="test_parse_trip_context_destination_extraction_in" time="0.002" /><testcase classname="tests.test_orchestrator" name="test_parse_trip_context_business_context" time="0.002" /><testcase classname="tests.test_orchestrator" name="test_parse_trip_context_formal_context" time="0.002" /><testcase classname="tests.test_orchestrator" name="test_parse_trip_context_active_context" time="0.002" /><testcase classname="tests.test_orchestrator" name="test_enhance_response_with_all_context" time="0.002" /><testcase classname="tests.test_orchestrator" name="test_enhance_response_with_partial_context" time="0.002" /><testcase classname="tests.test_orchestrator" name="test_enhance_response_with_no_destination" time="0.002" /><testcase classname="tests.test_orchestrator" name="test_generate_travel_recommendations_no_destination" time="0.003" /><testcase classname="tests.test_orchestrator" name="test_generate_travel_recommendations_no_user_profile" time="0.003" /><testcase classname="tests.test_orchestrator" name="test_generate_travel_recommendations_currency_request_with_amount" time="0.002" /><testcase classname="tests.test_orchestrator" name="test_generate_travel_recommendations_currency_request_without_amount" time="0.002" /><testcase classname="tests.test_orchestrator" name="test_generate_travel_recommendations_currency_request_non_rate_type" time="0.002" /><testcase classname="tests.test_orchestrator" name="test_generate_travel_recommendations_exception_handling" time="0.002" /><testcase classname="tests.test_orchestrator" name="test_generate_travel_recommendations_exception_handling_alternative" time="1.465" /><testcase classname="tests.test_orchestrator" name="test_return_none_helper" time="0.002" /><testcase classname="tests.test_rate_limiter" name="test_rate_limit_first_call" time="0.004" /><testcase classname="tests.test_rate_limiter" name="test_rate_limit_within_limit" time="0.004" /><testcase classname="tests.test_rate_limiter" name="test_rate_limit_exceeded" time="0.004" /><testcase classname="tests.test_rate_limiter" name="test_rate_limit_reset_after_period" time="0.004" /><testcase classname="tests.test_rate_limiter" name="test_rate_limit_with_jwt_token" time="0.004" /><testcase classname="tests.test_rate_limiter" name="test_rate_limit_jwt_decode_failure" time="0.004" /><testcase classname="tests.test_rate_limiter" name="test_rate_limit_no_request_object" time="0.002" /><testcase classname="tests.test_rate_limiter" name="test_rate_limit_request_without_client" time="0.003" /><testcase classname="tests.test_rate_limiter" name="test_cleanup_old_entries" time="0.001" /><testcase classname="tests.test_rate_limiter" name="test_cleanup_old_entries_no_cleanup_needed" time="0.001" /><testcase classname="tests.test_rate_limiter" name="test_rate_limit_cleanup_threshold" time="14.791" /><testcase classname="tests.test_rate_limiter" name="test_rate_limit_jwt_missing_sub" time="0.004" /><testcase classname="tests.test_rate_limiter" name="test_rate_limit_jwt_value_error" time="0.004" /><testcase classname="tests.test_rate_limiter" name="test_rate_limit_jwt_key_error" time="0.004" /><testcase classname="tests.test_recommendations.TestRecommendationsEndpoints" name="test_cultural_insights_success" time="0.005" /><testcase classname="tests.test_recommendations.TestRecommendationsEndpoints" name="test_cultural_insights_not_found" time="0.005" /><testcase classname="tests.test_recommendations.TestRecommendationsEndpoints" name="test_cultural_insights_service_exception" time="0.005" /><testcase classname="tests.test_recommendations.TestRecommendationsEndpoints" name="test_weather_forecast_success" time="0.006" /><testcase classname="tests.test_recommendations.TestRecommendationsEndpoints" name="test_weather_forecast_not_found" time="0.004" /><testcase classname="tests.test_recommendations.TestRecommendationsEndpoints" name="test_weather_forecast_service_exception" time="0.005" /><testcase classname="tests.test_recommendations.TestRecommendationsEndpoints" name="test_exchange_rates_success" time="0.004" /><testcase classname="tests.test_recommendations.TestRecommendationsEndpoints" name="test_exchange_rates_not_found" time="0.004" /><testcase classname="tests.test_recommendations.TestRecommendationsEndpoints" name="test_exchange_rates_service_exception" time="0.004" /><testcase classname="tests.test_recommendations.TestRecommendationsEndpoints" name="test_currency_conversion_success" time="0.005" /><testcase classname="tests.test_recommendations.TestRecommendationsEndpoints" name="test_currency_conversion_failure" time="0.005" /><testcase classname="tests.test_recommendations.TestRecommendationsEndpoints" name="test_currency_conversion_service_exception" time="0.005" /><testcase classname="tests.test_recommendations.TestRecommendationsEndpoints" name="test_recommendations_no_auth" time="0.012" /><testcase classname="tests.test_recommendations" name="test_get_exchange_rates_success" time="0.026" /><testcase classname="tests.test_recommendations" name="test_get_exchange_rates_cache" time="0.002" /><testcase classname="tests.test_recommendations" name="test_get_exchange_rates_error" time="0.024" /><testcase classname="tests.test_recommendations" name="test_get_pair_exchange_rate_success" time="0.024" /><testcase classname="tests.test_recommendations" name="test_get_pair_exchange_rate_error" time="0.023" /><testcase classname="tests.test_recommendations" name="test_get_pair_exchange_rate_endpoint_success" time="0.008" /><testcase classname="tests.test_recommendations" name="test_get_pair_exchange_rate_endpoint_not_found" time="0.005" /><testcase classname="tests.test_recommendations" name="test_get_pair_exchange_rate_endpoint_service_exception" time="0.005" /><testcase classname="tests.test_recommendations" name="test_convert_currency_success" time="0.002" /><testcase classname="tests.test_recommendations" name="test_convert_currency_error" time="0.002" /><testcase classname="tests.test_recommendations" name="test_get_cultural_insights_success" time="0.364" /><testcase classname="tests.test_recommendations" name="test_get_cultural_insights_cache" time="0.002" /><testcase classname="tests.test_recommendations" name="test_get_cultural_insights_error" time="0.258" /><testcase classname="tests.test_recommendations" name="test_get_style_recommendations_success" time="0.024" /><testcase classname="tests.test_recommendations" name="test_get_style_recommendations_error" time="0.024" /><testcase classname="tests.test_recommendations" name="test_process_cultural_data" time="0.001" /><testcase classname="tests.test_recommendations" name="test_process_style_data" time="0.001" /><testcase classname="tests.test_recommendations" name="test_get_fallback_cultural_data" time="0.001" /><testcase classname="tests.test_recommendations" name="test_get_fallback_style_data" time="0.001" /><testcase classname="tests.test_security" name="test_verify_jwt_token_valid" time="0.022" /><testcase classname="tests.test_security" name="test_verify_jwt_token_missing_user_id" time="0.022" /><testcase classname="tests.test_security" name="test_verify_jwt_token_jwt_error" time="0.022" /><testcase classname="tests.test_security" name="test_verify_jwt_token_value_error" time="0.023" /><testcase classname="tests.test_security" name="test_verify_jwt_token_key_error" time="0.023" /><testcase classname="tests.test_security" name="test_get_user_by_id_success" time="0.010" /><testcase classname="tests.test_security" name="test_get_user_by_id_no_user" time="0.002" /><testcase classname="tests.test_security" name="test_get_user_by_id_value_error" time="0.003" /><testcase classname="tests.test_security" name="test_get_user_by_id_key_error" time="0.002" /><testcase classname="tests.test_security" name="test_get_user_by_id_attribute_error" time="0.002" /><testcase classname="tests.test_security" name="test_revoke_token_success" time="0.002" /><testcase classname="tests.test_security" name="test_revoke_token_value_error" time="0.002" /><testcase classname="tests.test_security" name="test_create_access_token" time="0.001" /><testcase classname="tests.test_security" name="test_verify_token_wrapper" time="0.001" /><testcase classname="tests.test_security" name="test_verify_token_wrapper_none" time="0.001" /><testcase classname="tests.test_security" name="test_verify_jwt_token_with_default_is_active" time="0.023" /><testcase classname="tests.test_security" name="test_verify_jwt_token_with_false_is_active" time="0.024" /><testcase classname="tests.test_supabase_cache" name="test_get_weather_cache_success" time="0.003" /><testcase classname="tests.test_supabase_cache" name="test_get_weather_cache_expired" time="0.003" /><testcase classname="tests.test_supabase_cache" name="test_get_weather_cache_not_found" time="0.003" /><testcase classname="tests.test_supabase_cache" name="test_set_weather_cache_success" time="0.003" /><testcase classname="tests.test_supabase_cache" name="test_set_weather_cache_error" time="0.003" /><testcase classname="tests.test_supabase_cache" name="test_get_cultural_cache_success" time="0.005" /><testcase classname="tests.test_supabase_cache" name="test_get_cultural_cache_expired" time="0.003" /><testcase classname="tests.test_supabase_cache" name="test_set_cultural_cache_success" time="0.003" /><testcase classname="tests.test_supabase_cache" name="test_get_currency_cache_success" time="0.003" /><testcase classname="tests.test_supabase_cache" name="test_get_currency_cache_empty" time="0.003" /><testcase classname="tests.test_supabase_cache" name="test_set_currency_cache_success" time="0.003" /><testcase classname="tests.test_supabase_cache" name="test_is_expired_future" time="0.002" /><testcase classname="tests.test_supabase_cache" name="test_is_expired_past" time="0.001" /><testcase classname="tests.test_supabase_cache" name="test_is_expired_invalid_format" time="0.002" /><testcase classname="tests.test_supabase_cache" name="test_is_expired_with_z_suffix" time="0.002" /><testcase classname="tests.test_supabase_cache" name="test_get_weather_cache_no_expires_at" time="0.004" /><testcase classname="tests.test_supabase_cache" name="test_get_cultural_cache_error" time="0.003" /><testcase classname="tests.test_supabase_cache" name="test_set_cultural_cache_error" time="0.003" /><testcase classname="tests.test_supabase_cache" name="test_get_currency_cache_error" time="0.003" /><testcase classname="tests.test_supabase_cache" name="test_set_currency_cache_error" time="0.003" /><testcase classname="tests.test_user_api.TestUserEndpoints" name="test_get_current_user_profile_success" time="0.005" /><testcase classname="tests.test_user_api.TestUserEndpoints" name="test_get_current_user_profile_error" time="0.004" /><testcase classname="tests.test_user_api.TestUserEndpoints" name="test_get_current_user_profile_generic_exception" time="0.005" /><testcase classname="tests.test_user_api.TestUserEndpoints" name="test_get_user_preferences_success" time="0.004" /><testcase classname="tests.test_user_api.TestUserEndpoints" name="test_get_user_preferences_error" time="0.001" /><testcase classname="tests.test_user_api.TestUserEndpoints" name="test_get_user_preferences_generic_exception" time="0.004" /><testcase classname="tests.test_user_api.TestUserEndpoints" name="test_update_user_preferences_success" time="0.004" /><testcase classname="tests.test_user_api.TestUserEndpoints" name="test_update_user_preferences_endpoint_generic_exception" time="0.005" /><testcase classname="tests.test_user_api.TestUserEndpoints" name="test_update_user_preferences_error" time="0.005" /><testcase classname="tests.test_user_api.TestUserEndpoints" name="test_update_user_preferences_exception" time="0.005" /><testcase classname="tests.test_user_api.TestUserEndpoints" name="test_user_endpoints_no_auth" time="0.009" /><testcase classname="tests.test_user_api.TestUserEndpoints" name="test_update_user_preferences_invalid_data" time="0.004" /><testcase classname="tests.test_user_api.TestUserEndpoints" name="test_save_destination_success" time="0.004" /><testcase classname="tests.test_user_api.TestUserEndpoints" name="test_save_destination_no_auth" time="0.004" /><testcase classname="tests.test_user_api.TestUserEndpoints" name="test_save_destination_endpoint_generic_exception" time="0.005" /><testcase classname="tests.test_user_api.TestUserEndpoints" name="test_save_destination_error" time="0.005" /><testcase classname="tests.test_user_api.TestUserEndpoints" name="test_save_destination_exception" time="0.005" /><testcase classname="tests.test_user_api.TestUserEndpoints" name="test_save_destination_invalid" time="0.005" /><testcase classname="tests.test_user_api.TestUserEndpoints" name="test_update_current_user_profile_success" time="0.009" /><testcase classname="tests.test_user_api.TestUserEndpoints" name="test_update_current_user_profile_not_found" time="0.004" /><testcase classname="tests.test_user_api.TestUserEndpoints" name="test_update_current_user_profile_unauthenticated" time="0.004" /><testcase classname="tests.test_user_models" name="test_user_profile_creation" time="0.001" /><testcase classname="tests.test_user_models" name="test_user_profile_email_validation" time="0.001" /><testcase classname="tests.test_user_models" name="test_user_preferences_defaults" time="0.001" /><testcase classname="tests.test_user_models" name="test_user_auth_token_defaults" time="0.001" /><testcase classname="tests.test_user_models" name="test_user_activity_creation" time="0.001" /><testcase classname="tests.test_user_models" name="test_user_session_defaults" time="0.001" /><testcase classname="tests.test_user_models" name="test_user_feedback_rating_bounds" time="0.001" /><testcase classname="tests.test_user_models" name="test_user_usage_stats_defaults" time="0.001" /><testcase classname="tests.test_user_session_management.TestUserSessionManagement" name="test_create_session_success" time="0.005" /><testcase classname="tests.test_user_session_management.TestUserSessionManagement" name="test_create_session_no_auth" time="0.004" /><testcase classname="tests.test_user_session_management.TestUserSessionManagement" name="test_create_session_error" time="0.005" /><testcase classname="tests.test_user_session_management.TestUserSessionManagement" name="test_create_session_invalid" time="0.004" /><testcase classname="tests.test_user_session_management.TestUserSessionManagement" name="test_create_session_missing_conversation_id" time="0.004" /><testcase classname="tests.test_user_utils" name="test_extract_user_profile_with_dict_metadata" time="0.001" /><testcase classname="tests.test_user_utils" name="test_extract_user_profile_with_object_metadata" time="0.001" /><testcase classname="tests.test_user_utils" name="test_extract_user_profile_with_no_metadata" time="0.001" /><testcase classname="tests.test_user_utils" name="test_extract_user_profile_with_missing_attributes" time="0.001" /><testcase classname="tests.test_user_utils" name="test_extract_user_profile_with_none_user" time="0.001" /><testcase classname="tests.test_user_utils" name="test_custom_http_exception_handler_non_http_exception" time="0.001" /><testcase classname="tests.test_weather_service" name="test_get_weather_data_cache_hit" time="0.002" /><testcase classname="tests.test_weather_service" name="test_get_weather_data_cache_miss_success" time="0.004" /><testcase classname="tests.test_weather_service" name="test_get_weather_data_api_error" time="0.684" /><testcase classname="tests.test_weather_service" name="test__get_current_weather_success" time="0.025" /><testcase classname="tests.test_weather_service" name="test__get_current_weather_error" time="0.024" /><testcase classname="tests.test_weather_service" name="test__get_forecast_api_error" time="0.024" /><testcase classname="tests.test_weather_service" name="test__get_forecast_empty_data" time="0.028" /><testcase classname="tests.test_weather_service" name="test__get_forecast_success_with_data" time="0.024" /><testcase classname="tests.test_weather_service" name="test__calculate_precipitation_chance" time="0.001" /><testcase classname="tests.test_weather_service" name="test_get_lat_lon_for_city_success" time="0.024" /><testcase classname="tests.test_weather_service" name="test_get_lat_lon_for_city_with_state_country" time="0.024" /><testcase classname="tests.test_weather_service" name="test_get_lat_lon_for_city_empty_response" time="0.025" /><testcase classname="tests.test_weather_service" name="test_get_lat_lon_for_city_api_error" time="0.027" /><testcase classname="tests.test_weather_service" name="test_get_weather_data_geocoding_failure" time="0.003" /><testcase classname="tests.test_weather_service" name="test_get_weather_data_current_weather_failure" time="0.136" /><testcase classname="tests.test_weather_service" name="test_get_weather_data_service_exception" time="0.003" /><testcase classname="tests.test_weather_service" name="test__get_current_weather_api_error" time="0.024" /><testcase classname="tests.test_weather_service" name="test__get_current_weather_missing_visibility" time="0.025" /><testcase classname="tests.test_weather_service" name="test_get_weather_data_with_state_country" time="0.007" /></testsuite></testsuites>