<?xml version="1.0" encoding="utf-8"?><testsuites name="pytest tests"><testsuite name="pytest" errors="0" failures="0" skipped="0" tests="55" time="1.048" timestamp="2025-07-06T07:32:11.942672+00:00" hostname="fv-az787-495"><testcase classname="tests.test_auth.TestAuthRegistrationAndLogin" name="test_register_success" time="0.079" /><testcase classname="tests.test_auth.TestAuthRegistrationAndLogin" name="test_register_invalid_email" time="0.004" /><testcase classname="tests.test_auth.TestAuthRegistrationAndLogin" name="test_register_short_password" time="0.004" /><testcase classname="tests.test_auth.TestAuthRegistrationAndLogin" name="test_register_service_error" time="0.005" /><testcase classname="tests.test_auth.TestAuthRegistrationAndLogin" name="test_login_success" time="0.006" /><testcase classname="tests.test_auth.TestAuthRegistrationAndLogin" name="test_login_invalid_credentials" time="0.004" /><testcase classname="tests.test_auth.TestAuthRegistrationAndLogin" name="test_login_invalid_email" time="0.004" /><testcase classname="tests.test_auth.TestAuthOtherEndpoints" name="test_logout_success" time="0.004" /><testcase classname="tests.test_auth.TestAuthOtherEndpoints" name="test_logout_without_token" time="0.004" /><testcase classname="tests.test_auth.TestAuthOtherEndpoints" name="test_logout_unauthorized" time="0.004" /><testcase classname="tests.test_auth.TestAuthOtherEndpoints" name="test_forgot_password_success" time="0.006" /><testcase classname="tests.test_auth.TestAuthOtherEndpoints" name="test_forgot_password_invalid_email" time="0.004" /><testcase classname="tests.test_auth.TestAuthOtherEndpoints" name="test_reset_password_success" time="0.005" /><testcase classname="tests.test_auth.TestAuthOtherEndpoints" name="test_reset_password_invalid_token" time="0.004" /><testcase classname="tests.test_auth.TestAuthOtherEndpoints" name="test_reset_password_short_password" time="0.003" /><testcase classname="tests.test_auth.TestAuthOtherEndpoints" name="test_refresh_token_success" time="0.005" /><testcase classname="tests.test_auth.TestAuthOtherEndpoints" name="test_refresh_token_invalid" time="0.004" /><testcase classname="tests.test_auth.TestAuthOtherEndpoints" name="test_get_current_user_profile_success" time="0.004" /><testcase classname="tests.test_auth.TestAuthOtherEndpoints" name="test_get_current_user_profile_not_found" time="0.004" /><testcase classname="tests.test_auth.TestAuthOtherEndpoints" name="test_get_current_user_profile_unauthorized" time="0.004" /><testcase classname="tests.test_auth.TestAuthOtherEndpoints" name="test_update_current_user_profile_success" time="0.004" /><testcase classname="tests.test_auth.TestAuthOtherEndpoints" name="test_update_current_user_profile_no_valid_fields" time="0.004" /><testcase classname="tests.test_auth.TestAuthOtherEndpoints" name="test_update_current_user_profile_not_found" time="0.004" /><testcase classname="tests.test_auth.TestAuthOtherEndpoints" name="test_update_current_user_profile_unauthorized" time="0.004" /><testcase classname="tests.test_chat.TestChatEndpoints" name="test_chat_endpoint_success" time="0.006" /><testcase classname="tests.test_chat.TestChatEndpoints" name="test_chat_endpoint_no_auth" time="0.004" /><testcase classname="tests.test_chat.TestChatEndpoints" name="test_chat_endpoint_invalid_request" time="0.004" /><testcase classname="tests.test_chat.TestChatEndpoints" name="test_chat_endpoint_orchestrator_error" time="0.005" /><testcase classname="tests.test_chat.TestChatEndpoints" name="test_get_conversation_history_success" time="0.004" /><testcase classname="tests.test_chat.TestChatEndpoints" name="test_get_conversation_history_no_auth" time="0.004" /><testcase classname="tests.test_chat.TestChatEndpoints" name="test_get_conversation_history_error" time="0.005" /><testcase classname="tests.test_chat.TestChatEndpoints" name="test_chat_endpoint_database_error" time="0.005" /><testcase classname="tests.test_chat.TestChatEndpoints" name="test_chat_endpoint_user_profile_error" time="0.004" /><testcase classname="tests.test_main" name="test_root" time="0.003" /><testcase classname="tests.test_main" name="test_health" time="0.003" /><testcase classname="tests.test_main" name="test_docs" time="0.004" /><testcase classname="tests.test_main" name="test_openapi" time="0.037" /><testcase classname="tests.test_main" name="test_redoc" time="0.003" /><testcase classname="tests.test_recommendations.TestRecommendationsEndpoints" name="test_cultural_insights_success" time="0.004" /><testcase classname="tests.test_recommendations.TestRecommendationsEndpoints" name="test_cultural_insights_not_found" time="0.004" /><testcase classname="tests.test_recommendations.TestRecommendationsEndpoints" name="test_weather_forecast_success" time="0.004" /><testcase classname="tests.test_recommendations.TestRecommendationsEndpoints" name="test_weather_forecast_not_found" time="0.004" /><testcase classname="tests.test_recommendations.TestRecommendationsEndpoints" name="test_exchange_rates_success" time="0.004" /><testcase classname="tests.test_recommendations.TestRecommendationsEndpoints" name="test_exchange_rates_not_found" time="0.004" /><testcase classname="tests.test_recommendations.TestRecommendationsEndpoints" name="test_currency_conversion_success" time="0.004" /><testcase classname="tests.test_recommendations.TestRecommendationsEndpoints" name="test_currency_conversion_failure" time="0.004" /><testcase classname="tests.test_recommendations.TestRecommendationsEndpoints" name="test_recommendations_no_auth" time="0.011" /><testcase classname="tests.test_user.TestUserEndpoints" name="test_get_current_user_profile_success" time="0.004" /><testcase classname="tests.test_user.TestUserEndpoints" name="test_get_current_user_profile_error" time="0.034" /><testcase classname="tests.test_user.TestUserEndpoints" name="test_get_user_preferences_success" time="0.004" /><testcase classname="tests.test_user.TestUserEndpoints" name="test_get_user_preferences_error" time="0.004" /><testcase classname="tests.test_user.TestUserEndpoints" name="test_update_user_preferences_success" time="0.004" /><testcase classname="tests.test_user.TestUserEndpoints" name="test_update_user_preferences_error" time="0.004" /><testcase classname="tests.test_user.TestUserEndpoints" name="test_user_endpoints_no_auth" time="0.009" /><testcase classname="tests.test_user.TestUserEndpoints" name="test_update_user_preferences_invalid_data" time="0.004" /></testsuite></testsuites>