<?xml version="1.0" encoding="UTF-8"?>
<testsuites name="ruff" tests="5" failures="5" errors="0">
    <testsuite name="/home/runner/work/travelstyle/travelstyle/backend/app/services/currency_conversion_service.py" tests="2" disabled="0" errors="0" failures="2" package="org.ruff">
        <testcase name="org.ruff.E501" classname="/home/runner/work/travelstyle/travelstyle/backend/app/services/currency_conversion_service" line="350" column="101">
            <failure message="Line too long (155 &gt; 100)">line 350, col 101, Line too long (155 &gt; 100)</failure>
        </testcase>
        <testcase name="org.ruff.E501" classname="/home/runner/work/travelstyle/travelstyle/backend/app/services/currency_conversion_service" line="447" column="101">
            <failure message="Line too long (104 &gt; 100)">line 447, col 101, Line too long (104 &gt; 100)</failure>
        </testcase>
    </testsuite>
    <testsuite name="/home/runner/work/travelstyle/travelstyle/backend/app/services/openai_service.py" tests="3" disabled="0" errors="0" failures="3" package="org.ruff">
        <testcase name="org.ruff.E501" classname="/home/runner/work/travelstyle/travelstyle/backend/app/services/openai_service" line="56" column="101">
            <failure message="Line too long (101 &gt; 100)">line 56, col 101, Line too long (101 &gt; 100)</failure>
        </testcase>
        <testcase name="org.ruff.E501" classname="/home/runner/work/travelstyle/travelstyle/backend/app/services/openai_service" line="96" column="101">
            <failure message="Line too long (115 &gt; 100)">line 96, col 101, Line too long (115 &gt; 100)</failure>
        </testcase>
        <testcase name="org.ruff.E501" classname="/home/runner/work/travelstyle/travelstyle/backend/app/services/openai_service" line="134" column="101">
            <failure message="Line too long (127 &gt; 100)">line 134, col 101, Line too long (127 &gt; 100)</failure>
        </testcase>
    </testsuite>
</testsuites>
